<?xml version="1.0" encoding="UTF-8"?>
<testsuite name="com.codegym.cms.test.CustomerControllerTest" tests="1" skipped="0" failures="0" errors="0" timestamp="2020-05-19T09:18:59" hostname="HoaiNamsiPhone" time="0.298">
  <properties/>
  <testcase name="customerUpdateSuccessControlling()" classname="com.codegym.cms.test.CustomerControllerTest" time="0.298"/>
  <system-out><![CDATA[]]></system-out>
  <system-err><![CDATA[SLF4J: Failed to load class "org.slf4j.impl.StaticLoggerBinder".
SLF4J: Defaulting to no-operation (NOP) logger implementation
SLF4J: See http://www.slf4j.org/codes.html#StaticLoggerBinder for further details.
]]></system-err>
</testsuite>
